<?xml version="1.0" encoding="UTF-8"?>
<!-- Generated by org.testng.reporters.JUnitReportReporter -->
<testsuite hostname="CDACLAB-133" failures="0" tests="2" name="testng.FirstTestNGClass" time="0.489" errors="0" timestamp="2024-01-12T11:00:28 IST" skipped="0">
  <testcase classname="testng.FirstTestNGClass" name="f" time="0.489"/>
  <testcase classname="testng.FirstTestNGClass" name="f2" time="0.000"/>
</testsuite> <!-- testng.FirstTestNGClass -->
