<?xml version="1.0" encoding="UTF-8"?>
<!-- Generated by org.testng.reporters.JUnitReportReporter -->
<testsuite hostname="CDACLAB-133" failures="0" tests="1" name="testng.DataProviderDemo" time="6.263" errors="0" timestamp="2024-01-12T14:29:21 IST" skipped="0">
  <testcase classname="testng.DataProviderDemo" name="f" time="6.263"/>
</testsuite> <!-- testng.DataProviderDemo -->
