<?xml version="1.0" encoding="UTF-8"?>
<!-- Generated by org.testng.reporters.JUnitReportReporter -->
<testsuite hostname="CDACLAB-133" failures="0" tests="3" name="testng.Parameterization" time="6.957" errors="0" timestamp="2024-01-12T11:34:23 IST" skipped="0">
  <testcase classname="testng.Parameterization" name="reg" time="4.663"/>
  <testcase classname="testng.Parameterization" name="login" time="2.199"/>
  <testcase classname="testng.Parameterization" name="logins" time="0.095"/>
</testsuite> <!-- testng.Parameterization -->
