<?xml version="1.0" encoding="UTF-8"?>
<!-- Generated by org.testng.reporters.JUnitReportReporter -->
<testsuite hostname="CDACLAB-133" failures="0" tests="2" name="testng.AutomationParam" time="3.240" errors="0" timestamp="2024-01-12T15:04:20 IST" skipped="0">
  <testcase classname="testng.AutomationParam" name="Open" time="3.170"/>
  <testcase classname="testng.AutomationParam" name="Dropdown" time="0.070"/>
</testsuite> <!-- testng.AutomationParam -->
