<?xml version="1.0" encoding="UTF-8"?>
<!-- Generated by org.testng.reporters.JUnitReportReporter -->
<testsuite hostname="CDACLAB-133" failures="0" tests="1" name="testng.NewTest" time="0.006" errors="0" timestamp="2024-01-12T10:56:10 IST" skipped="0">
  <testcase classname="testng.NewTest" name="logout" time="0.006"/>
</testsuite> <!-- testng.NewTest -->
